2021-11-06 00:42:52 INFO  StepDefinitionWeb:44 - User has opened the automated browser in maximize mode
2021-11-06 00:42:55 INFO  StepDefinitionWeb:51 - User navigates to the login page
2021-11-06 00:43:09 INFO  StepDefinitionWeb:58 - User clicks on the Register link
2021-11-06 00:43:16 INFO  StepDefinitionWeb:76 - User fills in the registration form
2021-11-06 00:43:18 INFO  StepDefinitionWeb:90 - User registered successfully to the Takealot website
2021-11-06 00:43:21 INFO  StepDefinitionWeb:96 - Status of the test is: PASSED
2021-11-06 02:42:17 INFO  StepDefinitionWeb:44 - User has opened the automated browser in maximize mode
2021-11-06 02:42:20 INFO  StepDefinitionWeb:51 - User navigates to the login page
2021-11-06 02:42:29 INFO  StepDefinitionWeb:58 - User clicks on the Register link
2021-11-06 02:42:37 INFO  StepDefinitionWeb:76 - User fills in the registration form
2021-11-06 02:42:39 INFO  StepDefinitionWeb:90 - User registered successfully to the Takealot website
2021-11-06 02:42:43 INFO  StepDefinitionWeb:115 - Status of the test is: PASSED
2021-11-06 02:42:47 INFO  StepDefinitionWeb:44 - User has opened the automated browser in maximize mode
2021-11-06 02:42:50 INFO  StepDefinitionWeb:51 - User navigates to the login page
2021-11-06 02:46:34 INFO  StepDefinitionWeb:44 - User has opened the automated browser in maximize mode
2021-11-06 02:46:37 INFO  StepDefinitionWeb:51 - User navigates to the login page
2021-11-06 02:46:59 INFO  StepDefinitionWeb:58 - User clicks on the Register link
2021-11-06 02:47:07 INFO  StepDefinitionWeb:76 - User fills in the registration form
2021-11-06 02:47:09 INFO  StepDefinitionWeb:90 - User registered successfully to the Takealot website
2021-11-06 02:47:12 INFO  StepDefinitionWeb:116 - Status of the test is: PASSED
2021-11-06 02:47:17 INFO  StepDefinitionWeb:44 - User has opened the automated browser in maximize mode
2021-11-06 02:47:20 INFO  StepDefinitionWeb:51 - User navigates to the login page
2021-11-06 02:50:30 INFO  StepDefinitionWeb:44 - User has opened the automated browser in maximize mode
2021-11-06 02:50:32 INFO  StepDefinitionWeb:51 - User navigates to the login page
2021-11-06 02:50:42 INFO  StepDefinitionWeb:58 - User clicks on the Register link
2021-11-06 02:50:49 INFO  StepDefinitionWeb:76 - User fills in the registration form
2021-11-06 02:50:51 INFO  StepDefinitionWeb:90 - User registered successfully to the Takealot website
2021-11-06 02:50:54 INFO  StepDefinitionWeb:115 - Status of the test is: PASSED
2021-11-06 02:50:58 INFO  StepDefinitionWeb:44 - User has opened the automated browser in maximize mode
2021-11-06 02:51:01 INFO  StepDefinitionWeb:51 - User navigates to the login page
2021-11-06 02:53:24 INFO  StepDefinitionWeb:44 - User has opened the automated browser in maximize mode
2021-11-06 02:53:27 INFO  StepDefinitionWeb:51 - User navigates to the login page
2021-11-06 02:53:34 INFO  StepDefinitionWeb:58 - User clicks on the Register link
2021-11-06 02:53:42 INFO  StepDefinitionWeb:76 - User fills in the registration form
2021-11-06 02:53:44 INFO  StepDefinitionWeb:90 - User registered successfully to the Takealot website
2021-11-06 02:53:47 INFO  StepDefinitionWeb:117 - Status of the test is: PASSED
2021-11-06 02:53:51 INFO  StepDefinitionWeb:44 - User has opened the automated browser in maximize mode
2021-11-06 02:53:54 INFO  StepDefinitionWeb:51 - User navigates to the login page
2021-11-06 02:56:22 INFO  StepDefinitionWeb:45 - User has opened the automated browser in maximize mode
2021-11-06 02:56:25 INFO  StepDefinitionWeb:52 - User navigates to the login page
2021-11-06 02:56:40 INFO  StepDefinitionWeb:59 - User clicks on the Register link
2021-11-06 02:56:49 INFO  StepDefinitionWeb:77 - User fills in the registration form
2021-11-06 02:56:51 INFO  StepDefinitionWeb:91 - User registered successfully to the Takealot website
2021-11-06 02:56:54 INFO  StepDefinitionWeb:120 - Status of the test is: PASSED
2021-11-06 02:56:58 INFO  StepDefinitionWeb:45 - User has opened the automated browser in maximize mode
2021-11-06 02:57:01 INFO  StepDefinitionWeb:52 - User navigates to the login page
2021-11-06 02:58:43 INFO  StepDefinitionWeb:45 - User has opened the automated browser in maximize mode
2021-11-06 02:58:47 INFO  StepDefinitionWeb:52 - User navigates to the login page
2021-11-06 02:58:59 INFO  StepDefinitionWeb:59 - User clicks on the Register link
2021-11-06 02:59:06 INFO  StepDefinitionWeb:77 - User fills in the registration form
2021-11-06 02:59:08 INFO  StepDefinitionWeb:91 - User registered successfully to the Takealot website
2021-11-06 02:59:11 INFO  StepDefinitionWeb:121 - Status of the test is: PASSED
2021-11-06 02:59:15 INFO  StepDefinitionWeb:45 - User has opened the automated browser in maximize mode
2021-11-06 02:59:17 INFO  StepDefinitionWeb:52 - User navigates to the login page
2021-11-06 03:05:42 INFO  StepDefinitionWeb:45 - User has opened the automated browser in maximize mode
2021-11-06 03:05:45 INFO  StepDefinitionWeb:52 - User navigates to the login page
2021-11-06 03:05:54 INFO  StepDefinitionWeb:59 - User clicks on the Register link
2021-11-06 03:06:01 INFO  StepDefinitionWeb:77 - User fills in the registration form
2021-11-06 03:06:04 INFO  StepDefinitionWeb:91 - User registered successfully to the Takealot website
2021-11-06 03:06:06 INFO  StepDefinitionWeb:121 - Status of the test is: PASSED
2021-11-06 03:06:11 INFO  StepDefinitionWeb:45 - User has opened the automated browser in maximize mode
2021-11-06 03:06:15 INFO  StepDefinitionWeb:52 - User navigates to the login page
2021-11-06 03:10:52 INFO  StepDefinitionWeb:46 - User has opened the automated browser in maximize mode
2021-11-06 03:10:54 INFO  StepDefinitionWeb:53 - User navigates to the login page
2021-11-06 03:11:07 INFO  StepDefinitionWeb:60 - User clicks on the Register link
2021-11-06 03:11:13 INFO  StepDefinitionWeb:78 - User fills in the registration form
2021-11-06 03:11:15 INFO  StepDefinitionWeb:92 - User registered successfully to the Takealot website
2021-11-06 03:11:18 INFO  StepDefinitionWeb:126 - Status of the test is: PASSED
2021-11-06 03:11:22 INFO  StepDefinitionWeb:46 - User has opened the automated browser in maximize mode
2021-11-06 03:11:25 INFO  StepDefinitionWeb:53 - User navigates to the login page
2021-11-06 03:16:43 INFO  StepDefinitionWeb:46 - User has opened the automated browser in maximize mode
2021-11-06 03:16:46 INFO  StepDefinitionWeb:53 - User navigates to the login page
2021-11-06 03:16:59 INFO  StepDefinitionWeb:60 - User clicks on the Register link
2021-11-06 03:17:07 INFO  StepDefinitionWeb:78 - User fills in the registration form
2021-11-06 03:17:09 INFO  StepDefinitionWeb:92 - User registered successfully to the Takealot website
2021-11-06 03:17:12 INFO  StepDefinitionWeb:135 - Status of the test is: PASSED
2021-11-06 03:17:16 INFO  StepDefinitionWeb:46 - User has opened the automated browser in maximize mode
2021-11-06 03:17:18 INFO  StepDefinitionWeb:53 - User navigates to the login page
2021-11-06 03:19:25 INFO  StepDefinitionWeb:46 - User has opened the automated browser in maximize mode
2021-11-06 03:19:27 INFO  StepDefinitionWeb:53 - User navigates to the login page
2021-11-06 03:19:39 INFO  StepDefinitionWeb:60 - User clicks on the Register link
2021-11-06 03:19:46 INFO  StepDefinitionWeb:78 - User fills in the registration form
2021-11-06 03:19:48 INFO  StepDefinitionWeb:92 - User registered successfully to the Takealot website
2021-11-06 03:19:51 INFO  StepDefinitionWeb:136 - Status of the test is: PASSED
2021-11-06 03:19:55 INFO  StepDefinitionWeb:46 - User has opened the automated browser in maximize mode
2021-11-06 03:19:58 INFO  StepDefinitionWeb:53 - User navigates to the login page
2021-11-06 03:47:10 INFO  StepDefinitionWeb:46 - User has opened the automated browser in maximize mode
2021-11-06 03:47:12 INFO  StepDefinitionWeb:52 - User navigates to the login page
2021-11-06 03:47:22 INFO  StepDefinitionWeb:58 - User clicks on the Register link
2021-11-06 03:47:29 INFO  StepDefinitionWeb:75 - User fills in the registration form
2021-11-06 03:47:31 INFO  StepDefinitionWeb:88 - User registered successfully to the Takealot website
2021-11-06 03:47:34 INFO  StepDefinitionWeb:132 - Status of the test is: PASSED
2021-11-06 03:50:46 INFO  StepDefinitionWeb:46 - User has opened the automated browser in maximize mode
2021-11-06 03:50:48 INFO  StepDefinitionWeb:52 - User navigates to the login page
2021-11-06 03:50:58 INFO  StepDefinitionWeb:58 - User clicks on the Register link
2021-11-06 03:51:05 INFO  StepDefinitionWeb:75 - User fills in the registration form
2021-11-06 03:51:07 INFO  StepDefinitionWeb:87 - User registered successfully to the Takealot website
2021-11-06 03:51:10 INFO  StepDefinitionWeb:131 - Status of the test is: PASSED
2021-11-06 03:58:50 INFO  StepDefinitionWeb:46 - User has opened the automated browser in maximize mode
2021-11-06 03:58:52 INFO  StepDefinitionWeb:52 - User navigates to the login page
2021-11-06 03:59:01 INFO  StepDefinitionWeb:58 - User clicks on the Register link
2021-11-06 03:59:07 INFO  StepDefinitionWeb:75 - User fills in the registration form
2021-11-06 03:59:09 INFO  StepDefinitionWeb:87 - User registered successfully to the Takealot website
2021-11-06 03:59:12 INFO  StepDefinitionWeb:131 - Status of the test is: PASSED
2021-11-06 03:59:16 INFO  StepDefinitionWeb:46 - User has opened the automated browser in maximize mode
2021-11-06 04:09:56 INFO  StepDefinitionWeb:46 - User has opened the automated browser in maximize mode
2021-11-06 04:09:58 INFO  StepDefinitionWeb:52 - User loads the Takealot website in the browser
2021-11-06 04:10:08 INFO  StepDefinitionWeb:58 - User clicks on the Register link
2021-11-06 04:10:15 INFO  StepDefinitionWeb:75 - User fills in the registration form
2021-11-06 04:10:17 INFO  StepDefinitionWeb:87 - User registered successfully to the Takealot website
2021-11-06 04:10:20 INFO  StepDefinitionWeb:131 - Status of the test is: PASSED
2021-11-06 04:10:24 INFO  StepDefinitionWeb:46 - User has opened the automated browser in maximize mode
2021-11-06 04:10:27 INFO  StepDefinitionWeb:52 - User loads the Takealot website in the browser
2021-11-06 04:18:43 INFO  StepDefinitionWeb:46 - User has opened the automated browser in maximize mode
2021-11-06 04:18:46 INFO  StepDefinitionWeb:52 - User loads the Takealot website in the browser
2021-11-06 04:18:59 INFO  StepDefinitionWeb:58 - User clicks on the Register link
2021-11-06 04:19:08 INFO  StepDefinitionWeb:75 - User fills in the registration form
2021-11-06 04:19:10 INFO  StepDefinitionWeb:87 - User registered successfully to the Takealot website
2021-11-06 04:19:13 INFO  StepDefinitionWeb:130 - Status of the test is: PASSED
2021-11-06 04:19:17 INFO  StepDefinitionWeb:46 - User has opened the automated browser in maximize mode
2021-11-06 04:19:20 INFO  StepDefinitionWeb:52 - User loads the Takealot website in the browser
2021-11-06 04:25:16 INFO  StepDefinitionWeb:46 - User has opened the automated browser in maximize mode
2021-11-06 04:25:19 INFO  StepDefinitionWeb:52 - User loads the Takealot website in the browser
2021-11-06 04:25:32 INFO  StepDefinitionWeb:58 - User clicks on the Register link
2021-11-06 04:25:39 INFO  StepDefinitionWeb:75 - User fills in the registration form
2021-11-06 04:25:41 INFO  StepDefinitionWeb:87 - User registered successfully to the Takealot website
2021-11-06 04:25:44 INFO  StepDefinitionWeb:130 - Status of the test is: PASSED
2021-11-06 04:25:48 INFO  StepDefinitionWeb:46 - User has opened the automated browser in maximize mode
2021-11-06 04:25:51 INFO  StepDefinitionWeb:52 - User loads the Takealot website in the browser
2021-11-06 04:26:17 INFO  StepDefinitionWeb:130 - Status of the test is: PASSED
2021-11-06 04:54:23 INFO  StepDefinitionWeb:44 - User has opened the automated browser in maximize mode
2021-11-06 04:54:26 INFO  StepDefinitionWeb:50 - User loads the Takealot website in the browser
2021-11-06 04:54:36 INFO  StepDefinitionWeb:56 - User clicks on the Register link
2021-11-06 04:54:43 INFO  StepDefinitionWeb:73 - User fills in the registration form
2021-11-06 04:54:45 INFO  StepDefinitionWeb:85 - User registered successfully to the Takealot website
2021-11-06 04:54:48 INFO  StepDefinitionWeb:129 - Status of the test is: PASSED
2021-11-06 04:54:52 INFO  StepDefinitionWeb:44 - User has opened the automated browser in maximize mode
2021-11-06 04:54:54 INFO  StepDefinitionWeb:50 - User loads the Takealot website in the browser
2021-11-06 04:55:21 INFO  StepDefinitionWeb:129 - Status of the test is: PASSED
2021-11-06 04:55:26 INFO  StepDefinitionWeb:44 - User has opened the automated browser in maximize mode
2021-11-06 04:55:28 INFO  StepDefinitionWeb:50 - User loads the Takealot website in the browser
2021-11-06 04:57:23 INFO  StepDefinitionWeb:44 - User has opened the automated browser in maximize mode
2021-11-06 04:57:25 INFO  StepDefinitionWeb:50 - User loads the Takealot website in the browser
2021-11-06 04:57:35 INFO  StepDefinitionWeb:56 - User clicks on the Register link
2021-11-06 04:57:42 INFO  StepDefinitionWeb:73 - User fills in the registration form
2021-11-06 04:57:44 INFO  StepDefinitionWeb:85 - User registered successfully to the Takealot website
2021-11-06 04:57:47 INFO  StepDefinitionWeb:129 - Status of the test is: PASSED
2021-11-06 04:57:51 INFO  StepDefinitionWeb:44 - User has opened the automated browser in maximize mode
2021-11-06 04:57:53 INFO  StepDefinitionWeb:50 - User loads the Takealot website in the browser
2021-11-06 04:58:21 INFO  StepDefinitionWeb:129 - Status of the test is: PASSED
2021-11-06 04:58:25 INFO  StepDefinitionWeb:44 - User has opened the automated browser in maximize mode
2021-11-06 04:58:28 INFO  StepDefinitionWeb:50 - User loads the Takealot website in the browser
2021-11-06 04:58:47 INFO  StepDefinitionWeb:129 - Status of the test is: PASSED
2021-11-06 05:14:03 INFO  StepDefinitionWeb:44 - User has opened the automated browser in maximize mode
2021-11-06 05:14:06 INFO  StepDefinitionWeb:50 - User loads the Takealot website in the browser
2021-11-06 05:14:16 INFO  StepDefinitionWeb:56 - User clicks on the Register link
2021-11-06 05:14:25 INFO  StepDefinitionWeb:73 - User fills in the registration form
2021-11-06 05:14:27 INFO  StepDefinitionWeb:85 - User registered successfully to the Takealot website
2021-11-06 05:14:30 INFO  StepDefinitionWeb:129 - Status of the test is: PASSED
2021-11-06 05:14:34 INFO  StepDefinitionWeb:44 - User has opened the automated browser in maximize mode
2021-11-06 05:14:36 INFO  StepDefinitionWeb:50 - User loads the Takealot website in the browser
2021-11-06 05:15:03 INFO  StepDefinitionWeb:129 - Status of the test is: PASSED
2021-11-06 05:15:07 INFO  StepDefinitionWeb:44 - User has opened the automated browser in maximize mode
2021-11-06 05:15:09 INFO  StepDefinitionWeb:50 - User loads the Takealot website in the browser
2021-11-06 05:15:30 INFO  StepDefinitionWeb:129 - Status of the test is: PASSED
2021-11-06 06:38:50 INFO  StepDefinitionApi:53 - User has opened the automated browser in maximize mode
2021-11-06 06:44:23 INFO  StepDefinitionApi:50 - API response is successful
2021-11-06 07:04:42 INFO  StepDefinitionApi:54 - API response is successful
2021-11-06 07:12:43 INFO  StepDefinitionApi:52 - API response is successful
2021-11-06 07:19:48 INFO  StepDefinitionApi:51 - API response is successful
2021-11-06 07:19:56 INFO  StepDefinitionApi:51 - API response is successful
2021-11-06 07:26:16 INFO  StepDefinitionApi:51 - API response is successful
2021-11-06 07:26:24 INFO  StepDefinitionApi:51 - API response is successful
2021-11-06 07:28:18 INFO  StepDefinitionApi:51 - API response is successful
2021-11-06 07:28:27 INFO  StepDefinitionApi:51 - API response is successful
2021-11-06 07:43:35 INFO  StepDefinitionApi:51 - API response is successful
2021-11-06 07:43:43 INFO  StepDefinitionApi:51 - API response is successful
2021-11-06 07:44:44 INFO  StepDefinitionApi:51 - API response is successful
2021-11-06 07:44:52 INFO  StepDefinitionApi:51 - API response is successful
2021-11-06 07:45:10 INFO  StepDefinitionApi:51 - API response is successful
2021-11-06 07:45:18 INFO  StepDefinitionApi:51 - API response is successful
2021-11-06 08:03:12 INFO  StepDefinitionApi:51 - API response is successful
2021-11-06 08:03:20 INFO  StepDefinitionApi:51 - API response is successful
2021-11-06 08:07:58 INFO  StepDefinitionApi:51 - API response is successful
2021-11-06 08:08:06 INFO  StepDefinitionApi:51 - API response is successful
2021-11-06 08:08:15 INFO  StepDefinitionApi:51 - API response is successful
2021-11-06 08:08:23 INFO  StepDefinitionApi:51 - API response is successful
2021-11-06 08:19:27 INFO  StepDefinitionApi:66 - API response is successful
2021-11-06 08:19:35 INFO  StepDefinitionApi:66 - API response is successful
2021-11-06 08:19:43 INFO  StepDefinitionApi:66 - API response is successful
2021-11-06 08:19:51 INFO  StepDefinitionApi:66 - API response is successful
2021-11-06 08:20:00 INFO  StepDefinitionApi:66 - API response is successful
2021-11-06 08:27:09 INFO  StepDefinitionApi:66 - API response is successful
2021-11-06 08:27:17 INFO  StepDefinitionApi:66 - API response is successful
2021-11-06 08:27:25 INFO  StepDefinitionApi:66 - API response is successful
2021-11-06 08:27:33 INFO  StepDefinitionApi:66 - API response is successful
2021-11-06 08:27:42 INFO  StepDefinitionApi:66 - API response is successful
2021-11-06 08:27:49 INFO  StepDefinitionWeb:43 - User has opened the automated browser in maximize mode
2021-11-06 08:27:53 INFO  StepDefinitionWeb:49 - User loads the Takealot website in the browser
2021-11-06 08:28:04 INFO  StepDefinitionWeb:55 - User clicks on the Register link
2021-11-06 08:28:13 INFO  StepDefinitionWeb:72 - User fills in the registration form
2021-11-06 08:28:17 INFO  StepDefinitionWeb:84 - User registered successfully to the Takealot website
2021-11-06 08:28:22 INFO  StepDefinitionWeb:128 - Status of the test is: PASSED
2021-11-06 08:28:28 INFO  StepDefinitionWeb:43 - User has opened the automated browser in maximize mode
2021-11-06 08:28:33 INFO  StepDefinitionWeb:49 - User loads the Takealot website in the browser
2021-11-06 08:29:10 INFO  StepDefinitionWeb:128 - Status of the test is: PASSED
2021-11-06 08:29:16 INFO  StepDefinitionWeb:43 - User has opened the automated browser in maximize mode
2021-11-06 08:29:21 INFO  StepDefinitionWeb:49 - User loads the Takealot website in the browser
2021-11-06 08:29:48 INFO  StepDefinitionWeb:128 - Status of the test is: PASSED
2021-11-06 11:24:34 INFO  StepDefinitionApi:66 - API response is successful
2021-11-06 11:24:43 INFO  StepDefinitionApi:66 - API response is successful
2021-11-06 11:24:51 INFO  StepDefinitionApi:66 - API response is successful
2021-11-06 11:24:59 INFO  StepDefinitionApi:66 - API response is successful
2021-11-06 11:25:07 INFO  StepDefinitionApi:66 - API response is successful
2021-11-06 11:26:42 INFO  StepDefinitionWeb:42 - User has opened the automated browser in maximize mode
2021-11-06 11:26:47 INFO  StepDefinitionWeb:48 - User loads the Takealot website in the browser
2021-11-06 11:26:58 INFO  StepDefinitionWeb:42 - User has opened the automated browser in maximize mode
2021-11-06 11:27:03 INFO  StepDefinitionWeb:48 - User loads the Takealot website in the browser
2021-11-06 11:27:16 INFO  StepDefinitionWeb:42 - User has opened the automated browser in maximize mode
2021-11-06 11:27:20 INFO  StepDefinitionWeb:48 - User loads the Takealot website in the browser
2021-11-06 11:29:45 INFO  StepDefinitionWeb:43 - User has opened the automated browser in maximize mode
2021-11-06 11:29:50 INFO  StepDefinitionWeb:49 - User loads the Takealot website in the browser
2021-11-06 11:30:01 INFO  StepDefinitionWeb:43 - User has opened the automated browser in maximize mode
2021-11-06 11:30:06 INFO  StepDefinitionWeb:49 - User loads the Takealot website in the browser
2021-11-06 11:34:13 INFO  StepDefinitionWeb:43 - User has opened the automated browser in maximize mode
2021-11-06 11:34:18 INFO  StepDefinitionWeb:49 - User loads the Takealot website in the browser
2021-11-06 11:34:29 INFO  StepDefinitionWeb:43 - User has opened the automated browser in maximize mode
2021-11-06 11:34:33 INFO  StepDefinitionWeb:49 - User loads the Takealot website in the browser
2021-11-06 12:13:08 INFO  StepDefinitionWeb:43 - User has opened the automated browser in maximize mode
2021-11-06 12:13:13 INFO  StepDefinitionWeb:54 - User loads the Takealot website in the browser
2021-11-06 12:13:25 INFO  StepDefinitionWeb:43 - User has opened the automated browser in maximize mode
2021-11-06 12:21:50 INFO  StepDefinitionWeb:43 - User has opened the automated browser in maximize mode
2021-11-06 12:21:55 INFO  StepDefinitionWeb:49 - User loads the Takealot website in the browser
2021-11-06 12:22:06 INFO  StepDefinitionWeb:43 - User has opened the automated browser in maximize mode
2021-11-06 12:22:10 INFO  StepDefinitionWeb:49 - User loads the Takealot website in the browser
2021-11-06 12:22:23 INFO  StepDefinitionWeb:43 - User has opened the automated browser in maximize mode
2021-11-06 12:22:28 INFO  StepDefinitionWeb:49 - User loads the Takealot website in the browser
2021-11-06 12:25:03 INFO  StepDefinitionWeb:43 - User has opened the automated browser in maximize mode
2021-11-06 12:25:07 INFO  StepDefinitionWeb:49 - User loads the Takealot website in the browser
2021-11-06 12:25:21 INFO  StepDefinitionWeb:43 - User has opened the automated browser in maximize mode
2021-11-06 12:25:50 INFO  StepDefinitionWeb:49 - User loads the Takealot website in the browser
2021-11-06 12:26:03 INFO  StepDefinitionWeb:43 - User has opened the automated browser in maximize mode
2021-11-06 12:29:29 INFO  StepDefinitionWeb:43 - User has opened the automated browser in maximize mode
2021-11-06 12:29:34 INFO  StepDefinitionWeb:49 - User loads the Takealot website in the browser
2021-11-06 12:29:47 INFO  StepDefinitionWeb:43 - User has opened the automated browser in maximize mode
2021-11-06 12:29:51 INFO  StepDefinitionWeb:49 - User loads the Takealot website in the browser
2021-11-06 12:30:03 INFO  StepDefinitionWeb:43 - User has opened the automated browser in maximize mode
2021-11-06 12:30:08 INFO  StepDefinitionWeb:49 - User loads the Takealot website in the browser
2021-11-06 12:33:33 INFO  StepDefinitionWeb:43 - User has opened the automated browser in maximize mode
2021-11-06 12:33:37 INFO  StepDefinitionWeb:49 - User loads the Takealot website in the browser
2021-11-06 12:33:49 INFO  StepDefinitionWeb:43 - User has opened the automated browser in maximize mode
2021-11-06 12:33:53 INFO  StepDefinitionWeb:49 - User loads the Takealot website in the browser
2021-11-06 12:34:05 INFO  StepDefinitionWeb:43 - User has opened the automated browser in maximize mode
2021-11-06 12:34:10 INFO  StepDefinitionWeb:49 - User loads the Takealot website in the browser
2021-11-06 12:37:07 INFO  StepDefinitionWeb:43 - User has opened the automated browser in maximize mode
2021-11-06 12:37:12 INFO  StepDefinitionWeb:49 - User loads the Takealot website in the browser
2021-11-06 12:37:26 INFO  StepDefinitionWeb:43 - User has opened the automated browser in maximize mode
2021-11-06 12:37:30 INFO  StepDefinitionWeb:49 - User loads the Takealot website in the browser
2021-11-06 12:37:43 INFO  StepDefinitionWeb:43 - User has opened the automated browser in maximize mode
2021-11-06 12:37:48 INFO  StepDefinitionWeb:49 - User loads the Takealot website in the browser
2021-11-06 12:39:34 INFO  StepDefinitionWeb:43 - User has opened the automated browser in maximize mode
2021-11-06 12:39:39 INFO  StepDefinitionWeb:49 - User loads the Takealot website in the browser
2021-11-06 12:39:51 INFO  StepDefinitionWeb:56 - User clicks on the Register link
2021-11-06 12:40:01 INFO  StepDefinitionWeb:43 - User has opened the automated browser in maximize mode
2021-11-06 12:42:59 INFO  StepDefinitionWeb:43 - User has opened the automated browser in maximize mode
2021-11-06 12:43:04 INFO  StepDefinitionWeb:49 - User loads the Takealot website in the browser
2021-11-06 12:43:15 INFO  StepDefinitionWeb:43 - User has opened the automated browser in maximize mode
2021-11-06 12:43:20 INFO  StepDefinitionWeb:49 - User loads the Takealot website in the browser
2021-11-06 12:45:03 INFO  StepDefinitionWeb:43 - User has opened the automated browser in maximize mode
2021-11-06 12:45:07 INFO  StepDefinitionWeb:49 - User loads the Takealot website in the browser
2021-11-06 12:45:18 INFO  StepDefinitionWeb:43 - User has opened the automated browser in maximize mode
2021-11-06 12:45:23 INFO  StepDefinitionWeb:49 - User loads the Takealot website in the browser
2021-11-06 12:45:35 INFO  StepDefinitionWeb:43 - User has opened the automated browser in maximize mode
2021-11-06 12:45:40 INFO  StepDefinitionWeb:49 - User loads the Takealot website in the browser
2021-11-06 12:53:29 INFO  StepDefinitionWeb:47 - User has opened the automated browser in maximize mode
2021-11-06 12:53:34 INFO  StepDefinitionWeb:53 - User loads the Takealot website in the browser
2021-11-06 12:53:46 INFO  StepDefinitionWeb:47 - User has opened the automated browser in maximize mode
2021-11-06 12:54:24 INFO  StepDefinitionWeb:47 - User has opened the automated browser in maximize mode
2021-11-06 12:54:29 INFO  StepDefinitionWeb:53 - User loads the Takealot website in the browser
2021-11-06 12:54:40 INFO  StepDefinitionWeb:47 - User has opened the automated browser in maximize mode
2021-11-06 12:54:45 INFO  StepDefinitionWeb:53 - User loads the Takealot website in the browser
2021-11-06 12:58:31 INFO  StepDefinitionWeb:47 - User has opened the automated browser in maximize mode
2021-11-06 12:58:35 INFO  StepDefinitionWeb:53 - User loads the Takealot website in the browser
2021-11-06 12:58:48 INFO  StepDefinitionWeb:60 - User clicks on the Register link
2021-11-06 12:58:57 INFO  StepDefinitionWeb:68 - User fills in the registration form
2021-11-06 12:59:01 INFO  StepDefinitionWeb:75 - User registered successfully to the Takealot website
2021-11-06 12:59:06 INFO  StepDefinitionWeb:106 - Status of the test is: PASSED
2021-11-06 12:59:12 INFO  StepDefinitionWeb:47 - User has opened the automated browser in maximize mode
2021-11-06 12:59:16 INFO  StepDefinitionWeb:53 - User loads the Takealot website in the browser
2021-11-06 12:59:37 INFO  StepDefinitionWeb:47 - User has opened the automated browser in maximize mode
2021-11-06 12:59:41 INFO  StepDefinitionWeb:53 - User loads the Takealot website in the browser
2021-11-06 13:00:10 INFO  StepDefinitionWeb:106 - Status of the test is: PASSED
2021-11-06 13:31:55 INFO  StepDefinitionApi:66 - API response is successful
2021-11-06 13:32:03 INFO  StepDefinitionApi:66 - API response is successful
2021-11-06 13:32:12 INFO  StepDefinitionApi:66 - API response is successful
2021-11-06 13:32:20 INFO  StepDefinitionApi:66 - API response is successful
2021-11-06 13:32:28 INFO  StepDefinitionApi:66 - API response is successful
2021-11-06 13:32:35 INFO  StepDefinitionWeb:47 - User has opened the automated browser in maximize mode
2021-11-06 13:32:40 INFO  StepDefinitionWeb:53 - User loads the Takealot website in the browser
2021-11-06 13:32:51 INFO  StepDefinitionWeb:60 - User clicks on the Register link
2021-11-06 13:33:00 INFO  StepDefinitionWeb:68 - User fills in the registration form
2021-11-06 13:33:04 INFO  StepDefinitionWeb:75 - User registered successfully to the Takealot website
2021-11-06 13:33:09 INFO  StepDefinitionWeb:106 - Status of the test is: PASSED
2021-11-06 13:33:15 INFO  StepDefinitionWeb:47 - User has opened the automated browser in maximize mode
2021-11-06 13:33:19 INFO  StepDefinitionWeb:53 - User loads the Takealot website in the browser
2021-11-06 13:33:39 INFO  StepDefinitionWeb:47 - User has opened the automated browser in maximize mode
2021-11-06 13:33:43 INFO  StepDefinitionWeb:53 - User loads the Takealot website in the browser
2021-11-06 13:34:10 INFO  StepDefinitionWeb:106 - Status of the test is: PASSED
2021-11-06 14:37:38 INFO  StepDefinitionApi:66 - API response is successful
2021-11-06 14:37:46 INFO  StepDefinitionApi:66 - API response is successful
2021-11-06 14:37:55 INFO  StepDefinitionApi:66 - API response is successful
2021-11-06 14:38:03 INFO  StepDefinitionApi:66 - API response is successful
2021-11-06 14:38:11 INFO  StepDefinitionApi:66 - API response is successful
2021-11-06 18:46:26 INFO  StepDefinitionApi:66 - API response is successful
2021-11-06 18:46:34 INFO  StepDefinitionApi:66 - API response is successful
2021-11-06 18:46:42 INFO  StepDefinitionApi:66 - API response is successful
2021-11-06 18:46:50 INFO  StepDefinitionApi:66 - API response is successful
2021-11-06 18:46:58 INFO  StepDefinitionApi:66 - API response is successful
2021-11-06 18:48:41 INFO  StepDefinitionApi:66 - API response is successful
2021-11-06 18:48:49 INFO  StepDefinitionApi:66 - API response is successful
2021-11-06 18:48:57 INFO  StepDefinitionApi:66 - API response is successful
2021-11-06 18:49:06 INFO  StepDefinitionApi:66 - API response is successful
2021-11-06 18:49:14 INFO  StepDefinitionApi:66 - API response is successful
2021-11-06 18:53:45 INFO  StepDefinitionApi:66 - API response is successful
2021-11-06 18:53:53 INFO  StepDefinitionApi:66 - API response is successful
2021-11-06 18:54:01 INFO  StepDefinitionApi:66 - API response is successful
2021-11-06 18:54:09 INFO  StepDefinitionApi:66 - API response is successful
2021-11-06 18:54:17 INFO  StepDefinitionApi:66 - API response is successful
2021-11-06 18:54:24 INFO  StepDefinitionWeb:48 - User has opened the automated browser in maximize mode
2021-11-06 18:54:29 INFO  StepDefinitionWeb:54 - User loads the Takealot website in the browser
2021-11-06 18:54:39 INFO  StepDefinitionWeb:61 - User clicks on the Register link
2021-11-06 18:54:48 INFO  StepDefinitionWeb:69 - User fills in the registration form
2021-11-06 18:54:52 INFO  StepDefinitionWeb:76 - User registered successfully to the Takealot website
2021-11-06 18:54:57 INFO  StepDefinitionWeb:107 - Status of the test is: PASSED
2021-11-06 18:55:03 INFO  StepDefinitionWeb:48 - User has opened the automated browser in maximize mode
2021-11-06 18:55:08 INFO  StepDefinitionWeb:54 - User loads the Takealot website in the browser
2021-11-06 18:55:36 INFO  StepDefinitionWeb:48 - User has opened the automated browser in maximize mode
2021-11-06 18:55:40 INFO  StepDefinitionWeb:54 - User loads the Takealot website in the browser
2021-11-06 18:56:07 INFO  StepDefinitionWeb:107 - Status of the test is: PASSED
2021-11-06 19:58:52 INFO  StepDefinitionApi:66 - API response is successful
2021-11-06 19:59:00 INFO  StepDefinitionApi:66 - API response is successful
2021-11-06 19:59:08 INFO  StepDefinitionApi:66 - API response is successful
2021-11-06 19:59:16 INFO  StepDefinitionApi:66 - API response is successful
2021-11-06 19:59:25 INFO  StepDefinitionApi:66 - API response is successful
2021-11-06 20:12:23 INFO  StepDefinitionApi:66 - API response is successful
2021-11-06 20:12:32 INFO  StepDefinitionApi:66 - API response is successful
2021-11-06 20:12:40 INFO  StepDefinitionApi:66 - API response is successful
2021-11-06 20:12:48 INFO  StepDefinitionApi:66 - API response is successful
2021-11-06 20:12:56 INFO  StepDefinitionApi:66 - API response is successful
2021-11-06 20:13:03 INFO  StepDefinitionWeb:48 - User has opened the automated browser in maximize mode
2021-11-06 20:13:08 INFO  StepDefinitionWeb:54 - User loads the Takealot website in the browser
2021-11-06 20:13:18 INFO  StepDefinitionWeb:61 - User clicks on the Register link
2021-11-06 20:13:27 INFO  StepDefinitionWeb:69 - User fills in the registration form
2021-11-06 20:13:31 INFO  StepDefinitionWeb:76 - User registered successfully to the Takealot website
2021-11-06 20:13:36 INFO  StepDefinitionWeb:107 - Status of the test is: PASSED
2021-11-06 20:13:42 INFO  StepDefinitionWeb:48 - User has opened the automated browser in maximize mode
2021-11-06 20:13:47 INFO  StepDefinitionWeb:54 - User loads the Takealot website in the browser
2021-11-06 20:14:23 INFO  StepDefinitionWeb:107 - Status of the test is: PASSED
2021-11-06 20:14:28 INFO  StepDefinitionWeb:48 - User has opened the automated browser in maximize mode
2021-11-06 20:14:33 INFO  StepDefinitionWeb:54 - User loads the Takealot website in the browser
2021-11-06 20:14:59 INFO  StepDefinitionWeb:107 - Status of the test is: PASSED
2021-11-06 20:44:52 INFO  StepDefinitionApi:66 - API response is successful
2021-11-06 20:45:00 INFO  StepDefinitionApi:66 - API response is successful
2021-11-06 20:45:08 INFO  StepDefinitionApi:66 - API response is successful
2021-11-06 20:45:16 INFO  StepDefinitionApi:66 - API response is successful
2021-11-06 20:45:25 INFO  StepDefinitionApi:66 - API response is successful
2021-11-06 20:45:32 INFO  StepDefinitionWeb:47 - User has opened the automated browser in maximize mode
2021-11-06 20:45:36 INFO  StepDefinitionWeb:53 - User loads the Takealot website in the browser
2021-11-06 20:45:48 INFO  StepDefinitionWeb:60 - User clicks on the Register link
2021-11-06 20:45:56 INFO  StepDefinitionWeb:68 - User fills in the registration form
2021-11-06 20:46:00 INFO  StepDefinitionWeb:75 - User registered successfully to the Takealot website
2021-11-06 20:46:05 INFO  StepDefinitionWeb:106 - Status of the test is: PASSED
2021-11-06 20:46:12 INFO  StepDefinitionWeb:47 - User has opened the automated browser in maximize mode
2021-11-06 20:46:17 INFO  StepDefinitionWeb:53 - User loads the Takealot website in the browser
2021-11-06 20:46:58 INFO  StepDefinitionWeb:106 - Status of the test is: PASSED
2021-11-06 20:47:04 INFO  StepDefinitionWeb:47 - User has opened the automated browser in maximize mode
2021-11-06 20:47:09 INFO  StepDefinitionWeb:53 - User loads the Takealot website in the browser
2021-11-06 20:47:39 INFO  StepDefinitionWeb:106 - Status of the test is: PASSED
2021-11-06 20:54:24 INFO  StepDefinitionApi:66 - API response is successful
2021-11-06 20:54:33 INFO  StepDefinitionApi:66 - API response is successful
2021-11-06 20:54:41 INFO  StepDefinitionApi:66 - API response is successful
2021-11-06 20:54:49 INFO  StepDefinitionApi:66 - API response is successful
2021-11-06 20:54:57 INFO  StepDefinitionApi:66 - API response is successful
2021-11-06 20:55:04 INFO  StepDefinitionWeb:47 - User has opened the automated browser in maximize mode
2021-11-06 20:55:09 INFO  StepDefinitionWeb:53 - User loads the Takealot website in the browser
2021-11-06 20:55:27 INFO  StepDefinitionWeb:60 - User clicks on the Register link
2021-11-06 20:55:36 INFO  StepDefinitionWeb:68 - User fills in the registration form
2021-11-06 20:55:40 INFO  StepDefinitionWeb:75 - User registered successfully to the Takealot website
2021-11-06 20:55:45 INFO  StepDefinitionWeb:106 - Status of the test is: PASSED
2021-11-06 20:55:51 INFO  StepDefinitionWeb:47 - User has opened the automated browser in maximize mode
2021-11-06 20:55:56 INFO  StepDefinitionWeb:53 - User loads the Takealot website in the browser
2021-11-06 20:56:34 INFO  StepDefinitionWeb:106 - Status of the test is: PASSED
2021-11-06 20:56:40 INFO  StepDefinitionWeb:47 - User has opened the automated browser in maximize mode
2021-11-06 20:56:45 INFO  StepDefinitionWeb:53 - User loads the Takealot website in the browser
2021-11-06 20:57:13 INFO  StepDefinitionWeb:106 - Status of the test is: PASSED
2021-11-06 21:24:25 INFO  StepDefinitionWeb:47 - User has opened the automated browser in maximize mode
2021-11-06 21:24:29 INFO  StepDefinitionWeb:53 - User loads the Takealot website in the browser
2021-11-06 21:24:41 INFO  StepDefinitionWeb:60 - User clicks on the Register link
2021-11-06 21:24:50 INFO  StepDefinitionWeb:68 - User fills in the registration form
2021-11-06 21:24:54 INFO  StepDefinitionWeb:75 - User registered successfully to the Takealot website
2021-11-06 21:24:59 INFO  StepDefinitionWeb:106 - Status of the test is: PASSED
2021-11-06 21:25:05 INFO  StepDefinitionWeb:47 - User has opened the automated browser in maximize mode
2021-11-06 21:25:09 INFO  StepDefinitionWeb:53 - User loads the Takealot website in the browser
2021-11-06 21:25:44 INFO  StepDefinitionWeb:106 - Status of the test is: PASSED
2021-11-06 21:25:51 INFO  StepDefinitionWeb:47 - User has opened the automated browser in maximize mode
2021-11-06 21:25:55 INFO  StepDefinitionWeb:53 - User loads the Takealot website in the browser
2021-11-06 21:26:21 INFO  StepDefinitionWeb:106 - Status of the test is: PASSED
2021-11-07 14:02:48 INFO  StepDefinitionWeb:47 - User has opened the automated browser in maximize mode
2021-11-07 14:02:53 INFO  StepDefinitionWeb:53 - User loads the Takealot website in the browser
2021-11-07 14:03:05 INFO  StepDefinitionWeb:60 - User clicks on the Register link
2021-11-07 14:03:15 INFO  StepDefinitionWeb:68 - User fills in the registration form
2021-11-07 14:03:19 INFO  StepDefinitionWeb:75 - User registered successfully to the Takealot website
2021-11-07 14:03:24 INFO  StepDefinitionWeb:106 - Status of the test is: PASSED
2021-11-07 14:03:30 INFO  StepDefinitionWeb:47 - User has opened the automated browser in maximize mode
2021-11-07 14:03:35 INFO  StepDefinitionWeb:53 - User loads the Takealot website in the browser
2021-11-07 14:04:30 INFO  StepDefinitionWeb:106 - Status of the test is: PASSED
2021-11-07 14:04:36 INFO  StepDefinitionWeb:47 - User has opened the automated browser in maximize mode
2021-11-07 14:04:41 INFO  StepDefinitionWeb:53 - User loads the Takealot website in the browser
2021-11-07 14:05:28 INFO  StepDefinitionWeb:106 - Status of the test is: PASSED
2021-11-07 14:15:40 INFO  StepDefinitionWeb:47 - User has opened the automated browser in maximize mode
2021-11-07 14:15:44 INFO  StepDefinitionWeb:53 - User loads the Takealot website in the browser
2021-11-07 14:15:55 INFO  StepDefinitionWeb:60 - User clicks on the Register link
2021-11-07 14:16:04 INFO  StepDefinitionWeb:68 - User fills in the registration form
2021-11-07 14:16:08 INFO  StepDefinitionWeb:75 - User registered successfully to the Takealot website
2021-11-07 14:16:13 INFO  StepDefinitionWeb:106 - Status of the test is: PASSED
2021-11-07 14:16:19 INFO  StepDefinitionWeb:47 - User has opened the automated browser in maximize mode
2021-11-07 14:16:24 INFO  StepDefinitionWeb:53 - User loads the Takealot website in the browser
2021-11-07 14:17:17 INFO  StepDefinitionWeb:106 - Status of the test is: PASSED
2021-11-07 14:17:23 INFO  StepDefinitionWeb:47 - User has opened the automated browser in maximize mode
2021-11-07 14:17:27 INFO  StepDefinitionWeb:53 - User loads the Takealot website in the browser
2021-11-07 14:18:12 INFO  StepDefinitionWeb:106 - Status of the test is: PASSED
2021-11-07 14:24:05 INFO  StepDefinitionWeb:47 - User has opened the automated browser in maximize mode
2021-11-07 14:24:10 INFO  StepDefinitionWeb:53 - User loads the Takealot website in the browser
2021-11-07 14:24:22 INFO  StepDefinitionWeb:60 - User clicks on the Register link
2021-11-07 14:24:31 INFO  StepDefinitionWeb:68 - User fills in the registration form
2021-11-07 14:24:35 INFO  StepDefinitionWeb:75 - User registered successfully to the Takealot website
2021-11-07 14:24:40 INFO  StepDefinitionWeb:106 - Status of the test is: PASSED
2021-11-07 14:24:46 INFO  StepDefinitionWeb:47 - User has opened the automated browser in maximize mode
2021-11-07 14:24:51 INFO  StepDefinitionWeb:53 - User loads the Takealot website in the browser
2021-11-07 14:25:44 INFO  StepDefinitionWeb:106 - Status of the test is: PASSED
2021-11-07 14:25:51 INFO  StepDefinitionWeb:47 - User has opened the automated browser in maximize mode
2021-11-07 14:25:55 INFO  StepDefinitionWeb:53 - User loads the Takealot website in the browser
2021-11-07 14:26:40 INFO  StepDefinitionWeb:106 - Status of the test is: PASSED
2021-11-07 14:42:32 INFO  StepDefinitionWeb:47 - User has opened the automated browser in maximize mode
2021-11-07 14:42:37 INFO  StepDefinitionWeb:53 - User loads the Takealot website in the browser
2021-11-07 14:42:50 INFO  StepDefinitionWeb:60 - User clicks on the Register link
2021-11-07 14:42:59 INFO  StepDefinitionWeb:68 - User fills in the registration form
2021-11-07 14:43:03 INFO  StepDefinitionWeb:75 - User registered successfully to the Takealot website
2021-11-07 14:43:08 INFO  StepDefinitionWeb:106 - Status of the test is: PASSED
2021-11-07 14:43:15 INFO  StepDefinitionWeb:47 - User has opened the automated browser in maximize mode
2021-11-07 14:43:19 INFO  StepDefinitionWeb:53 - User loads the Takealot website in the browser
2021-11-07 14:44:18 INFO  StepDefinitionWeb:106 - Status of the test is: PASSED
2021-11-07 14:44:24 INFO  StepDefinitionWeb:47 - User has opened the automated browser in maximize mode
2021-11-07 14:44:29 INFO  StepDefinitionWeb:53 - User loads the Takealot website in the browser
2021-11-07 14:45:16 INFO  StepDefinitionWeb:106 - Status of the test is: PASSED
2021-11-07 15:04:48 INFO  StepDefinitionWeb:47 - User has opened the automated browser in maximize mode
2021-11-07 15:04:52 INFO  StepDefinitionWeb:53 - User loads the Takealot website in the browser
2021-11-07 15:05:05 INFO  StepDefinitionWeb:60 - User clicks on the Register link
2021-11-07 15:05:13 INFO  StepDefinitionWeb:68 - User fills in the registration form
2021-11-07 15:05:18 INFO  StepDefinitionWeb:75 - User registered successfully to the Takealot website
2021-11-07 15:05:22 INFO  StepDefinitionWeb:106 - Status of the test is: PASSED
2021-11-07 15:05:29 INFO  StepDefinitionWeb:47 - User has opened the automated browser in maximize mode
2021-11-07 15:05:33 INFO  StepDefinitionWeb:53 - User loads the Takealot website in the browser
2021-11-07 15:06:39 INFO  StepDefinitionWeb:106 - Status of the test is: PASSED
2021-11-07 15:06:46 INFO  StepDefinitionWeb:47 - User has opened the automated browser in maximize mode
2021-11-07 15:06:51 INFO  StepDefinitionWeb:53 - User loads the Takealot website in the browser
2021-11-07 15:07:49 INFO  StepDefinitionWeb:106 - Status of the test is: PASSED
2021-11-07 15:21:40 INFO  StepDefinitionWeb:48 - User has opened the automated browser in maximize mode
2021-11-07 15:21:45 INFO  StepDefinitionWeb:54 - User loads the Takealot website in the browser
2021-11-07 15:21:58 INFO  StepDefinitionWeb:61 - User clicks on the Register link
2021-11-07 15:22:06 INFO  StepDefinitionWeb:69 - User fills in the registration form
2021-11-07 15:22:10 INFO  StepDefinitionWeb:76 - User registered successfully to the Takealot website
2021-11-07 15:22:15 INFO  StepDefinitionWeb:107 - Status of the test is: PASSED
2021-11-07 15:22:21 INFO  StepDefinitionWeb:48 - User has opened the automated browser in maximize mode
2021-11-07 15:22:26 INFO  StepDefinitionWeb:54 - User loads the Takealot website in the browser
2021-11-07 15:23:33 INFO  StepDefinitionWeb:107 - Status of the test is: PASSED
2021-11-07 15:23:39 INFO  StepDefinitionWeb:48 - User has opened the automated browser in maximize mode
2021-11-07 15:23:44 INFO  StepDefinitionWeb:54 - User loads the Takealot website in the browser
2021-11-07 15:24:41 INFO  StepDefinitionWeb:107 - Status of the test is: PASSED
2021-11-07 16:37:09 INFO  StepDefinitionWeb:48 - User has opened the automated browser in maximize mode
2021-11-07 16:37:14 INFO  StepDefinitionWeb:54 - User loads the Takealot website in the browser
2021-11-07 16:42:37 INFO  StepDefinitionWeb:48 - User has opened the automated browser in maximize mode
2021-11-07 16:42:41 INFO  StepDefinitionWeb:54 - User loads the Takealot website in the browser
2021-11-07 16:42:54 INFO  StepDefinitionWeb:61 - User clicks on the Register link
2021-11-07 16:43:03 INFO  StepDefinitionWeb:69 - User fills in the registration form
2021-11-07 16:43:07 INFO  StepDefinitionWeb:76 - User registered successfully to the Takealot website
2021-11-07 16:43:12 INFO  StepDefinitionWeb:107 - Status of the test is: PASSED
2021-11-07 16:43:18 INFO  StepDefinitionWeb:48 - User has opened the automated browser in maximize mode
2021-11-07 16:43:22 INFO  StepDefinitionWeb:54 - User loads the Takealot website in the browser
2021-11-07 16:44:22 INFO  StepDefinitionWeb:107 - Status of the test is: PASSED
2021-11-07 16:44:29 INFO  StepDefinitionWeb:48 - User has opened the automated browser in maximize mode
2021-11-07 16:44:34 INFO  StepDefinitionWeb:54 - User loads the Takealot website in the browser
2021-11-07 16:46:04 INFO  StepDefinitionWeb:107 - Status of the test is: PASSED
2021-11-07 19:47:25 INFO  StepDefinitionApi:44 - API URL: api.openweathermap.org/data/2.5/weather?q=London&appid=null
2021-11-07 19:47:33 INFO  StepDefinitionApi:71 - {"cod":401, "message": "Invalid API key. Please see http://openweathermap.org/faq#error401 for more info."}
2021-11-07 19:47:37 INFO  StepDefinitionApi:44 - API URL: api.openweathermap.org/data/2.5/weather?q=Hyderabad&appid=null
2021-11-07 19:47:41 INFO  StepDefinitionApi:71 - {"cod":401, "message": "Invalid API key. Please see http://openweathermap.org/faq#error401 for more info."}
2021-11-07 19:47:45 INFO  StepDefinitionApi:44 - API URL: api.openweathermap.org/data/2.5/weather?id=2172797&appid=null
2021-11-07 19:47:51 INFO  StepDefinitionApi:71 - {"cod":401, "message": "Invalid API key. Please see http://openweathermap.org/faq#error401 for more info."}
2021-11-07 19:47:55 INFO  StepDefinitionApi:44 - API URL: api.openweathermap.org/data/2.5/weather?zip=94040&appid=null
2021-11-07 19:47:59 INFO  StepDefinitionApi:71 - {"cod":401, "message": "Invalid API key. Please see http://openweathermap.org/faq#error401 for more info."}
2021-11-07 19:48:03 INFO  StepDefinitionApi:59 - API URL: api.openweathermap.org/data/2.5/weather?lat=35&lon=139&appid=null
2021-11-07 19:48:07 INFO  StepDefinitionApi:71 - {"cod":401, "message": "Invalid API key. Please see http://openweathermap.org/faq#error401 for more info."}
2021-11-07 19:50:00 INFO  StepDefinitionApi:44 - API URL: api.openweathermap.org/data/2.5/weather?q=London&appid=null
2021-11-07 19:50:07 INFO  StepDefinitionApi:71 - {"cod":401, "message": "Invalid API key. Please see http://openweathermap.org/faq#error401 for more info."}
2021-11-07 19:50:11 INFO  StepDefinitionApi:44 - API URL: api.openweathermap.org/data/2.5/weather?q=Hyderabad&appid=null
2021-11-07 19:50:15 INFO  StepDefinitionApi:71 - {"cod":401, "message": "Invalid API key. Please see http://openweathermap.org/faq#error401 for more info."}
2021-11-07 19:50:19 INFO  StepDefinitionApi:44 - API URL: api.openweathermap.org/data/2.5/weather?id=2172797&appid=null
2021-11-07 19:50:24 INFO  StepDefinitionApi:71 - {"cod":401, "message": "Invalid API key. Please see http://openweathermap.org/faq#error401 for more info."}
2021-11-07 19:50:28 INFO  StepDefinitionApi:44 - API URL: api.openweathermap.org/data/2.5/weather?zip=94040&appid=null
2021-11-07 19:50:32 INFO  StepDefinitionApi:71 - {"cod":401, "message": "Invalid API key. Please see http://openweathermap.org/faq#error401 for more info."}
2021-11-07 19:50:36 INFO  StepDefinitionApi:59 - API URL: api.openweathermap.org/data/2.5/weather?lat=35&lon=139&appid=null
2021-11-07 19:50:41 INFO  StepDefinitionApi:71 - {"cod":401, "message": "Invalid API key. Please see http://openweathermap.org/faq#error401 for more info."}
2021-11-07 19:52:12 INFO  StepDefinitionApi:44 - API URL: api.openweathermap.org/data/2.5/weather?q=London&appid=2911f66f0267c47b0755a56cacf64452
2021-11-07 19:52:19 INFO  StepDefinitionApi:71 - {"coord":{"lon":-0.1257,"lat":51.5085},"weather":[{"id":802,"main":"Clouds","description":"scattered clouds","icon":"03n"}],"base":"stations","main":{"temp":280.43,"feels_like":278.22,"temp_min":278.22,"temp_max":282.58,"pressure":1023,"humidity":80},"visibility":10000,"wind":{"speed":3.27,"deg":286,"gust":9.41},"clouds":{"all":37},"dt":1636313946,"sys":{"type":2,"id":2019646,"country":"GB","sunrise":1636268685,"sunset":1636302219},"timezone":0,"id":2643743,"name":"London","cod":200}
2021-11-07 19:52:19 INFO  StepDefinitionApi:74 - API response is successful
2021-11-07 19:52:23 INFO  StepDefinitionApi:44 - API URL: api.openweathermap.org/data/2.5/weather?q=Hyderabad&appid=2911f66f0267c47b0755a56cacf64452
2021-11-07 19:52:28 INFO  StepDefinitionApi:71 - {"coord":{"lon":78.4744,"lat":17.3753},"weather":[{"id":721,"main":"Haze","description":"haze","icon":"50n"}],"base":"stations","main":{"temp":293.88,"feels_like":294.18,"temp_min":293.88,"temp_max":293.88,"pressure":1014,"humidity":83},"visibility":5000,"wind":{"speed":3.09,"deg":40},"clouds":{"all":40},"dt":1636314743,"sys":{"type":1,"id":9213,"country":"IN","sunrise":1636332455,"sunset":1636373529},"timezone":19800,"id":1269843,"name":"Hyderabad","cod":200}
2021-11-07 19:52:28 INFO  StepDefinitionApi:74 - API response is successful
2021-11-07 19:52:32 INFO  StepDefinitionApi:44 - API URL: api.openweathermap.org/data/2.5/weather?id=2172797&appid=2911f66f0267c47b0755a56cacf64452
2021-11-07 19:52:37 INFO  StepDefinitionApi:71 - {"coord":{"lon":145.7667,"lat":-16.9167},"weather":[{"id":803,"main":"Clouds","description":"broken clouds","icon":"04d"}],"base":"stations","main":{"temp":297.11,"feels_like":297.96,"temp_min":297.1,"temp_max":297.63,"pressure":1009,"humidity":92},"visibility":10000,"wind":{"speed":0.51,"deg":170},"clouds":{"all":75},"dt":1636314753,"sys":{"type":1,"id":9490,"country":"AU","sunrise":1636313781,"sunset":1636359900},"timezone":36000,"id":2172797,"name":"Cairns","cod":200}
2021-11-07 19:52:37 INFO  StepDefinitionApi:74 - API response is successful
2021-11-07 19:52:41 INFO  StepDefinitionApi:44 - API URL: api.openweathermap.org/data/2.5/weather?zip=94040&appid=2911f66f0267c47b0755a56cacf64452
2021-11-07 19:52:46 INFO  StepDefinitionApi:71 - {"coord":{"lon":-122.088,"lat":37.3855},"weather":[{"id":800,"main":"Clear","description":"clear sky","icon":"01d"}],"base":"stations","main":{"temp":288.79,"feels_like":287.72,"temp_min":286.66,"temp_max":290.58,"pressure":1021,"humidity":50},"visibility":10000,"wind":{"speed":0.89,"deg":63,"gust":4.02},"clouds":{"all":1},"dt":1636314762,"sys":{"type":2,"id":2017352,"country":"US","sunrise":1636295983,"sunset":1636333466},"timezone":-28800,"id":0,"name":"Mountain View","cod":200}
2021-11-07 19:52:46 INFO  StepDefinitionApi:74 - API response is successful
2021-11-07 19:52:50 INFO  StepDefinitionApi:59 - API URL: api.openweathermap.org/data/2.5/weather?lat=35&lon=139&appid=2911f66f0267c47b0755a56cacf64452
2021-11-07 19:52:55 INFO  StepDefinitionApi:71 - {"coord":{"lon":139,"lat":35},"weather":[{"id":804,"main":"Clouds","description":"overcast clouds","icon":"04n"}],"base":"stations","main":{"temp":286.66,"feels_like":284.14,"temp_min":284.51,"temp_max":286.66,"pressure":1022,"humidity":3},"visibility":10000,"wind":{"speed":4.83,"deg":56,"gust":9.03},"clouds":{"all":90},"dt":1636314652,"sys":{"type":2,"id":2019346,"country":"JP","sunrise":1636319481,"sunset":1636357448},"timezone":32400,"id":1851632,"name":"Shuzenji","cod":200}
2021-11-07 19:52:55 INFO  StepDefinitionApi:74 - API response is successful
